# Dev Server Start - Verification Log
Date: 2025-10-18
Protocol: DEV_SERVER_500_FIX_PROTOCOL v1.0

## ✅ SERVER START SUCCESSFUL

### Startup Details
- Next.js Version: 14.0.4
- Port: http://localhost:3000
- Environment: development
- Startup Time: 12.2s
- Status: RUNNING

### Compilation
✅ /instrumentation compiled in 871ms (20 modules)
✅ No compilation errors
✅ No runtime 500 errors

### Warnings (Non-Blocking)
⚠️ npm ENOWORKSPACES warning (cosmetic)
⚠️ Sentry config deprecation notices:
  - sentry.server.config.ts should move to instrumentation
  - sentry.edge.config.ts should move to instrumentation  
  - sentry.client.config.ts should rename for Turbopack

### Verification Status
✅ Server starts without 500 error
✅ Instrumentation hook loads successfully
✅ Environment variables detected (.env.local, .env)
✅ Ready state achieved

## Previous Fixes Applied (v0.13.1)
- Fixed TypeScript syntax errors in hook files:
  • apps/web/hooks/useFlowRewardScreen.tsx
  • apps/web/hooks/useXpPopup.tsx
  • apps/web/lib/creator-economy/payout-system.ts
- Installed @typescript-eslint/eslint-plugin
- Documented @parel/db imports for migration

## Conclusion
✅ No 500 error present
✅ Dev server operational
✅ Ready for development work

---
Log captured from: pnpm run dev
Full output in: logs/server-start.log



